<?xml version="1.0" encoding="UTF-8"?>
<!-- Generated by org.testng.reporters.JUnitXMLReporter -->
<testsuite ignored="0" hostname="DESKTOP-T8VIPQV" failures="0" tests="3" name="Default test" time="26.895" errors="0" timestamp="2026-02-13T11:40:19 EST">
  <testcase classname="TestNg.SBIbank" name="loginSBIbank" time="0.552"/>
  <testcase classname="TestNg.SBIbank" name="loginSBIbank" time="0.667"/>
  <testcase classname="TestNg.SBIbank" name="loginSBIbank" time="0.573"/>
</testsuite> <!-- Default test -->
