<?xml version="1.0" encoding="UTF-8"?>
<!-- Generated by org.testng.reporters.JUnitXMLReporter -->
<testsuite ignored="0" hostname="DESKTOP-T8VIPQV" failures="0" tests="2" name="ChromeTest" time="0.066" errors="0" timestamp="2025-11-10T12:00:37 EST">
  <testcase classname="TestNgPractise.LaunchAndQuit" name="@BeforeSuite launchTheBrowser" time="-1.762794037636E9">
    <failure type="org.testng.TestNGException" message="
Parameter &amp;apos;browser&amp;apos; is required by BeforeSuite on method launchTheBrowser but has not been marked @Optional or defined
in C:\Users\r88st\Desktop\Eclipse project\Selenium\testng.xml">
      <![CDATA[org.testng.TestNGException: 
Parameter 'browser' is required by BeforeSuite on method launchTheBrowser but has not been marked @Optional or defined
in C:\Users\r88st\Desktop\Eclipse project\Selenium\testng.xml
... Removed 16 stack frames]]>
    </failure>
  </testcase> <!-- @BeforeSuite launchTheBrowser -->
  <testcase classname="TestNgPractise.GoogleSearch" name="link" time="0.0">
    <skipped/>
  </testcase> <!-- link -->
  <testcase classname="TestNgPractise.GoogleSearch" name="search" time="0.0">
    <skipped/>
  </testcase> <!-- search -->
</testsuite> <!-- ChromeTest -->
