<?xml version="1.0" encoding="UTF-8"?>
<!-- Generated by org.testng.reporters.JUnitXMLReporter -->
<testsuite ignored="0" hostname="DESKTOP-T8VIPQV" failures="0" tests="2" name="EdgeTest" time="0.022" errors="0" timestamp="2025-11-10T12:00:37 EST">
  <testcase classname="TestNgPractise.GoogleSearch" name="link" time="0.001">
    <skipped/>
  </testcase> <!-- link -->
  <testcase classname="TestNgPractise.GoogleSearch" name="search" time="0.0">
    <skipped/>
  </testcase> <!-- search -->
</testsuite> <!-- EdgeTest -->
