<?xml version="1.0" encoding="UTF-8"?>
<!-- Generated by org.testng.reporters.JUnitXMLReporter -->
<testsuite ignored="0" hostname="DESKTOP-T8VIPQV" failures="0" tests="3" name="Test123" time="0.157" errors="0" timestamp="2025-11-07T09:34:39 EST">
  <testcase classname="practiceXmlFile.testCase1" name="login" time="0.03"/>
  <testcase classname="practiceXmlFile.Logout" name="logout" time="0.005"/>
  <testcase classname="practiceXmlFile.Registration" name="registration" time="0.004"/>
</testsuite> <!-- Test123 -->
