<?xml version="1.0" encoding="UTF-8"?>
<testng-results ignored="0" total="3" passed="3" failed="0" skipped="0">
  <reporter-output>
  </reporter-output>
  <suite started-at="2026-02-13T11:39:52 EST" name="Default suite" finished-at="2026-02-13T11:40:19 EST" duration-ms="26895">
    <groups>
    </groups>
    <test started-at="2026-02-13T11:39:52 EST" name="Default test" finished-at="2026-02-13T11:40:19 EST" duration-ms="26895">
      <class name="TestNg.SBIbank">
        <test-method is-config="true" signature="launchBrowser()[pri:0, instance:TestNg.SBIbank@1ff4931d]" started-at="2026-02-13T11:39:53 EST" name="launchBrowser" finished-at="2026-02-13T11:40:00 EST" duration-ms="7218" status="PASS">
          <reporter-output>
          </reporter-output>
        </test-method> <!-- launchBrowser -->
        <test-method signature="loginSBIbank(java.lang.String,java.lang.String)[pri:0, instance:TestNg.SBIbank@1ff4931d]" started-at="2026-02-13T11:40:00 EST" name="loginSBIbank" data-provider="data" finished-at="2026-02-13T11:40:01 EST" duration-ms="552" status="PASS">
          <params>
            <param index="0">
              <value>
                <![CDATA[samreen]]>
              </value>
            </param>
            <param index="1">
              <value>
                <![CDATA[sanjia123]]>
              </value>
            </param>
          </params>
          <reporter-output>
          </reporter-output>
        </test-method> <!-- loginSBIbank -->
        <test-method is-config="true" signature="quit()[pri:0, instance:TestNg.SBIbank@1ff4931d]" started-at="2026-02-13T11:40:01 EST" name="quit" finished-at="2026-02-13T11:40:01 EST" duration-ms="610" status="PASS">
          <reporter-output>
          </reporter-output>
        </test-method> <!-- quit -->
        <test-method is-config="true" signature="launchBrowser()[pri:0, instance:TestNg.SBIbank@1ff4931d]" started-at="2026-02-13T11:40:01 EST" name="launchBrowser" finished-at="2026-02-13T11:40:08 EST" duration-ms="6746" status="PASS">
          <reporter-output>
          </reporter-output>
        </test-method> <!-- launchBrowser -->
        <test-method signature="loginSBIbank(java.lang.String,java.lang.String)[pri:0, instance:TestNg.SBIbank@1ff4931d]" started-at="2026-02-13T11:40:08 EST" name="loginSBIbank" data-provider="data" finished-at="2026-02-13T11:40:09 EST" duration-ms="667" status="PASS">
          <params>
            <param index="0">
              <value>
                <![CDATA[samreen]]>
              </value>
            </param>
            <param index="1">
              <value>
                <![CDATA[sanjia1234]]>
              </value>
            </param>
          </params>
          <reporter-output>
          </reporter-output>
        </test-method> <!-- loginSBIbank -->
        <test-method is-config="true" signature="quit()[pri:0, instance:TestNg.SBIbank@1ff4931d]" started-at="2026-02-13T11:40:09 EST" name="quit" finished-at="2026-02-13T11:40:09 EST" duration-ms="617" status="PASS">
          <reporter-output>
          </reporter-output>
        </test-method> <!-- quit -->
        <test-method is-config="true" signature="launchBrowser()[pri:0, instance:TestNg.SBIbank@1ff4931d]" started-at="2026-02-13T11:40:09 EST" name="launchBrowser" finished-at="2026-02-13T11:40:17 EST" duration-ms="7810" status="PASS">
          <reporter-output>
          </reporter-output>
        </test-method> <!-- launchBrowser -->
        <test-method signature="loginSBIbank(java.lang.String,java.lang.String)[pri:0, instance:TestNg.SBIbank@1ff4931d]" started-at="2026-02-13T11:40:17 EST" name="loginSBIbank" data-provider="data" finished-at="2026-02-13T11:40:18 EST" duration-ms="573" status="PASS">
          <params>
            <param index="0">
              <value>
                <![CDATA[sam]]>
              </value>
            </param>
            <param index="1">
              <value>
                <![CDATA[123]]>
              </value>
            </param>
          </params>
          <reporter-output>
          </reporter-output>
        </test-method> <!-- loginSBIbank -->
        <test-method is-config="true" signature="quit()[pri:0, instance:TestNg.SBIbank@1ff4931d]" started-at="2026-02-13T11:40:18 EST" name="quit" finished-at="2026-02-13T11:40:19 EST" duration-ms="816" status="PASS">
          <reporter-output>
          </reporter-output>
        </test-method> <!-- quit -->
      </class> <!-- TestNg.SBIbank -->
    </test> <!-- Default test -->
  </suite> <!-- Default suite -->
</testng-results>
