<?xml version="1.0" encoding="UTF-8"?>
<!-- Generated by org.testng.reporters.JUnitReportReporter -->
<testsuite hostname="DESKTOP-T8VIPQV" failures="0" tests="2" name="Internet.foamAuthentication" time="10.095" errors="0" timestamp="2025-05-13T17:32:58 EDT" skipped="0">
  <testcase classname="Internet.foamAuthentication" name="login" time="3.732"/>
  <system-out>
    <![CDATA[Test case is passed]]>
  </system-out>
  <testcase classname="Internet.foamAuthentication" name="login" time="6.363"/>
  <system-out>
    <![CDATA[Test case is passed]]>
  </system-out>
</testsuite> <!-- Internet.foamAuthentication -->
