<?xml version="1.0" encoding="UTF-8"?>
<!-- Generated by org.testng.reporters.JUnitReportReporter -->
<testsuite hostname="DESKTOP-T8VIPQV" failures="0" tests="3" name="TestNg.SBIbank" time="25.609" errors="0" timestamp="2026-02-13T11:40:19 EST" skipped="0">
  <testcase classname="TestNg.SBIbank" name="loginSBIbank" time="7.908"/>
  <testcase classname="TestNg.SBIbank" name="loginSBIbank" time="8.701"/>
  <testcase classname="TestNg.SBIbank" name="loginSBIbank" time="9.000"/>
</testsuite> <!-- TestNg.SBIbank -->
