<?xml version="1.0" encoding="UTF-8"?>
<!-- Generated by org.testng.reporters.JUnitReportReporter -->
<testsuite hostname="DESKTOP-T8VIPQV" failures="0" tests="1" name="TestNg.ParallelTesting" time="0.000" errors="1" timestamp="2025-05-12T20:12:22 EDT" skipped="0">
  <testcase classname="TestNg.ParallelTesting" name="googleSearch" time="0.000">
    <error message="
Parameter &#039;browser&#039; is required by @Test on method googleSearch but has not been marked @Optional or defined
in C:\Users\r88st\eclipse-workspace\Selenium\Paralleltesting.xml" type="org.testng.TestNGException">
      <![CDATA[org.testng.TestNGException: 
Parameter 'browser' is required by @Test on method googleSearch but has not been marked @Optional or defined
in C:\Users\r88st\eclipse-workspace\Selenium\Paralleltesting.xml
at org.testng.internal.Parameters.createParams(Parameters.java:270)
at org.testng.internal.Parameters.createParametersForMethod(Parameters.java:358)
at org.testng.internal.Parameters.createParameters(Parameters.java:700)
at org.testng.internal.Parameters.handleParameters(Parameters.java:884)
at org.testng.internal.Parameters.handleParameters(Parameters.java:740)
at org.testng.internal.ParameterHandler.handleParameters(ParameterHandler.java:59)
at org.testng.internal.ParameterHandler.createParameters(ParameterHandler.java:38)
at org.testng.internal.TestInvoker$MethodInvocationAgent.invoke(TestInvoker.java:791)
at org.testng.internal.TestInvoker.invokeTestMethods(TestInvoker.java:146)
at org.testng.internal.TestMethodWorker.invokeTestMethods(TestMethodWorker.java:146)
at org.testng.internal.TestMethodWorker.run(TestMethodWorker.java:128)
at java.base/java.util.ArrayList.forEach(ArrayList.java:1597)
at org.testng.TestRunner.privateRun(TestRunner.java:794)
at org.testng.TestRunner.run(TestRunner.java:596)
at org.testng.SuiteRunner.runTest(SuiteRunner.java:377)
at org.testng.SuiteRunner.access$000(SuiteRunner.java:28)
at org.testng.SuiteRunner$SuiteWorker.run(SuiteRunner.java:418)
at org.testng.internal.thread.ThreadUtil.lambda$execute$0(ThreadUtil.java:64)
at java.base/java.util.concurrent.FutureTask.run(FutureTask.java:317)
at java.base/java.util.concurrent.ThreadPoolExecutor.runWorker(ThreadPoolExecutor.java:1144)
at java.base/java.util.concurrent.ThreadPoolExecutor$Worker.run(ThreadPoolExecutor.java:642)
at java.base/java.lang.Thread.run(Thread.java:1570)
]]>
    </error>
  </testcase> <!-- googleSearch -->
  <system-out/>
</testsuite> <!-- TestNg.ParallelTesting -->
